0 info it worked if it ends with ok
1 verbose cli [ '/Users/natalia/.nvm/versions/node/v6.9.5/bin/node',
1 verbose cli   '/Users/natalia/.nvm/versions/node/v6.9.5/bin/npm',
1 verbose cli   'run',
1 verbose cli   'start' ]
2 info using npm@3.10.10
3 info using node@v6.9.5
4 verbose run-script [ 'prestart', 'start', 'poststart' ]
5 info lifecycle pacman-reinforcement@2.0.0~prestart: pacman-reinforcement@2.0.0
6 silly lifecycle pacman-reinforcement@2.0.0~prestart: no script for prestart, continuing
7 info lifecycle pacman-reinforcement@2.0.0~start: pacman-reinforcement@2.0.0
8 verbose lifecycle pacman-reinforcement@2.0.0~start: unsafe-perm in lifecycle true
9 verbose lifecycle pacman-reinforcement@2.0.0~start: PATH: /Users/natalia/.nvm/versions/node/v6.9.5/lib/node_modules/npm/bin/node-gyp-bin:/Users/natalia/Projects/pacman-reinforcement/node_modules/.bin:/Users/natalia/.nvm/versions/node/v6.9.5/bin:/Users/natalia/.rvm/gems/ruby-1.9.3-p551/bin:/Users/natalia/.rvm/gems/ruby-1.9.3-p551@global/bin:/Users/natalia/.rvm/rubies/ruby-1.9.3-p551/bin:/usr/local/bin:/usr/bin:/bin:/usr/sbin:/sbin:/opt/ImageMagick/bin:/Users/natalia/.rvm/bin
10 verbose lifecycle pacman-reinforcement@2.0.0~start: CWD: /Users/natalia/Projects/pacman-reinforcement
11 silly lifecycle pacman-reinforcement@2.0.0~start: Args: [ '-c',
11 silly lifecycle   'webpack-dev-server --config webpack.dev.js --mode development' ]
12 silly lifecycle pacman-reinforcement@2.0.0~start: Returned: code: 1  signal: null
13 info lifecycle pacman-reinforcement@2.0.0~start: Failed to exec start script
14 verbose stack Error: pacman-reinforcement@2.0.0 start: `webpack-dev-server --config webpack.dev.js --mode development`
14 verbose stack Exit status 1
14 verbose stack     at EventEmitter.<anonymous> (/Users/natalia/.nvm/versions/node/v6.9.5/lib/node_modules/npm/lib/utils/lifecycle.js:255:16)
14 verbose stack     at emitTwo (events.js:106:13)
14 verbose stack     at EventEmitter.emit (events.js:191:7)
14 verbose stack     at ChildProcess.<anonymous> (/Users/natalia/.nvm/versions/node/v6.9.5/lib/node_modules/npm/lib/utils/spawn.js:40:14)
14 verbose stack     at emitTwo (events.js:106:13)
14 verbose stack     at ChildProcess.emit (events.js:191:7)
14 verbose stack     at maybeClose (internal/child_process.js:877:16)
14 verbose stack     at Process.ChildProcess._handle.onexit (internal/child_process.js:226:5)
15 verbose pkgid pacman-reinforcement@2.0.0
16 verbose cwd /Users/natalia/Projects/pacman-reinforcement
17 error Darwin 17.5.0
18 error argv "/Users/natalia/.nvm/versions/node/v6.9.5/bin/node" "/Users/natalia/.nvm/versions/node/v6.9.5/bin/npm" "run" "start"
19 error node v6.9.5
20 error npm  v3.10.10
21 error code ELIFECYCLE
22 error pacman-reinforcement@2.0.0 start: `webpack-dev-server --config webpack.dev.js --mode development`
22 error Exit status 1
23 error Failed at the pacman-reinforcement@2.0.0 start script 'webpack-dev-server --config webpack.dev.js --mode development'.
23 error Make sure you have the latest version of node.js and npm installed.
23 error If you do, this is most likely a problem with the pacman-reinforcement package,
23 error not with npm itself.
23 error Tell the author that this fails on your system:
23 error     webpack-dev-server --config webpack.dev.js --mode development
23 error You can get information on how to open an issue for this project with:
23 error     npm bugs pacman-reinforcement
23 error Or if that isn't available, you can get their info via:
23 error     npm owner ls pacman-reinforcement
23 error There is likely additional logging output above.
24 verbose exit [ 1, true ]
